<?xml version="1.0" encoding="UTF-8"?>
<!-- Generated by org.testng.reporters.JUnitReportReporter -->
<testsuite skipped="0" hostname="DESKTOP-SQI1G9P" name="com.w2a.testingfranwork.testcases.createCustomerTest" tests="3" failures="0" timestamp="2021-12-24T23:20:19 IST" time="7.510" errors="0">
  <testcase name="validateCreatecustomerAPIwithvalidSecretKey" time="2.503" classname="com.w2a.testingfranwork.testcases.createCustomerTest"/>
  <system-out/>
  <testcase name="validateCreatecustomerAPIwithvalidSecretKey" time="2.504" classname="com.w2a.testingfranwork.testcases.createCustomerTest"/>
  <system-out/>
  <testcase name="validateCreatecustomerAPIwithvalidSecretKey" time="2.503" classname="com.w2a.testingfranwork.testcases.createCustomerTest"/>
  <system-out/>
</testsuite> <!-- com.w2a.testingfranwork.testcases.createCustomerTest -->
