<?xml version="1.0" encoding="UTF-8"?>
<!-- Generated by org.testng.reporters.JUnitReportReporter -->
<testsuite skipped="0" hostname="DESKTOP-SQI1G9P" name="com.w2a.testingframeowrk.rough.TestPayPal" tests="3" failures="0" timestamp="2022-01-09T16:03:53 IST" time="8.807" errors="0">
  <testcase name="getAuthKey" time="4.830" classname="com.w2a.testingframeowrk.rough.TestPayPal"/>
  <system-out/>
  <testcase name="createOrder" time="2.453" classname="com.w2a.testingframeowrk.rough.TestPayPal"/>
  <system-out/>
  <testcase name="getOrder" time="1.524" classname="com.w2a.testingframeowrk.rough.TestPayPal"/>
  <system-out/>
</testsuite> <!-- com.w2a.testingframeowrk.rough.TestPayPal -->
