<?xml version="1.0" encoding="UTF-8"?>
<!-- Generated by org.testng.reporters.JUnitReportReporter -->
<testsuite skipped="0" hostname="DESKTOP-SQI1G9P" name="com.w2a.testingfranwork.testcases.paypal.GetOrderTest" tests="1" failures="0" timestamp="2022-01-12T10:13:32 IST" time="2.450" errors="0">
  <testcase name="getOrder" time="2.450" classname="com.w2a.testingfranwork.testcases.paypal.GetOrderTest"/>
  <system-out/>
</testsuite> <!-- com.w2a.testingfranwork.testcases.paypal.GetOrderTest -->
