<?xml version="1.0" encoding="UTF-8"?>
<!-- Generated by org.testng.reporters.JUnitReportReporter -->
<testsuite skipped="0" hostname="DESKTOP-SQI1G9P" name="com.w2a.testingfranwork.testcases.createCustomerTest" tests="3" failures="0" timestamp="2021-12-26T11:03:46 IST" time="10.836" errors="0">
  <testcase name="validateCreatecustomerAPIwithvalidSecretKey" time="3.612" classname="com.w2a.testingfranwork.testcases.createCustomerTest"/>
  <testcase name="validateCreatecustomerAPIwithvalidSecretKey" time="3.612" classname="com.w2a.testingfranwork.testcases.createCustomerTest"/>
  <testcase name="validateCreatecustomerAPIwithvalidSecretKey" time="3.612" classname="com.w2a.testingfranwork.testcases.createCustomerTest"/>
</testsuite> <!-- com.w2a.testingfranwork.testcases.createCustomerTest -->
