<?xml version="1.0" encoding="UTF-8"?>
<!-- Generated by org.testng.reporters.JUnitReportReporter -->
<testsuite skipped="0" hostname="DESKTOP-SQI1G9P" name="com.w2a.testingfranwork.testcases.createCustomerTest" tests="3" failures="0" timestamp="28 Dec 2021 19:03:12 GMT" time="9.404" errors="0">
  <testcase name="validateCreatecustomerAPIwithvalidSecretKey" time="3.122" classname="com.w2a.testingfranwork.testcases.createCustomerTest"/>
  <testcase name="validateCreatecustomerAPIwithvalidSecretKey" time="3.162" classname="com.w2a.testingfranwork.testcases.createCustomerTest"/>
  <testcase name="validateCreatecustomerAPIwithvalidSecretKey" time="3.120" classname="com.w2a.testingfranwork.testcases.createCustomerTest"/>
</testsuite> <!-- com.w2a.testingfranwork.testcases.createCustomerTest -->
